{"/Users/juanpablochini/Documents/Repositories/fizzbuzz-testing/src/app.controller.ts": {"path":"/Users/juanpablochini/Documents/Repositories/fizzbuzz-testing/src/app.controller.ts","statementMap":{"0":{"start":{"line":1,"column":0},"end":{"line":1,"column":49}},"1":{"start":{"line":2,"column":0},"end":{"line":2,"column":43}},"2":{"start":{"line":5,"column":7},"end":{"line":12,"column":null}},"3":{"start":{"line":6,"column":31},"end":{"line":6,"column":43}},"4":{"start":{"line":10,"column":4},"end":{"line":10,"column":38}},"5":{"start":{"line":8,"column":2},"end":{"line":11,"column":null}},"6":{"start":{"line":5,"column":13},"end":{"line":12,"column":null}},"7":{"start":{"line":5,"column":13},"end":{"line":5,"column":26}}},"fnMap":{"0":{"name":"(anonymous_2)","decl":{"start":{"line":6,"column":2},"end":{"line":6,"column":31}},"loc":{"start":{"line":6,"column":53},"end":{"line":6,"column":57}}},"1":{"name":"(anonymous_3)","decl":{"start":{"line":9,"column":2},"end":{"line":9,"column":10}},"loc":{"start":{"line":9,"column":10},"end":{"line":11,"column":3}}}},"branchMap":{},"s":{"0":1,"1":1,"2":1,"3":1,"4":1,"5":1,"6":1,"7":1},"f":{"0":1,"1":1},"b":{}}
,"/Users/juanpablochini/Documents/Repositories/fizzbuzz-testing/src/app.service.ts": {"path":"/Users/juanpablochini/Documents/Repositories/fizzbuzz-testing/src/app.service.ts","statementMap":{"0":{"start":{"line":1,"column":0},"end":{"line":1,"column":44}},"1":{"start":{"line":4,"column":7},"end":{"line":8,"column":null}},"2":{"start":{"line":6,"column":4},"end":{"line":6,"column":26}},"3":{"start":{"line":4,"column":13},"end":{"line":8,"column":null}},"4":{"start":{"line":4,"column":13},"end":{"line":4,"column":23}}},"fnMap":{"0":{"name":"(anonymous_1)","decl":{"start":{"line":5,"column":2},"end":{"line":5,"column":10}},"loc":{"start":{"line":5,"column":10},"end":{"line":7,"column":3}}}},"branchMap":{},"s":{"0":1,"1":1,"2":1,"3":1,"4":1},"f":{"0":1},"b":{}}
,"/Users/juanpablochini/Documents/Repositories/fizzbuzz-testing/src/main.ts": {"path":"/Users/juanpablochini/Documents/Repositories/fizzbuzz-testing/src/main.ts","statementMap":{"0":{"start":{"line":1,"column":0},"end":{"line":1,"column":43}},"1":{"start":{"line":2,"column":0},"end":{"line":2,"column":41}},"2":{"start":{"line":5,"column":14},"end":{"line":5,"column":49}},"3":{"start":{"line":6,"column":2},"end":{"line":6,"column":25}},"4":{"start":{"line":8,"column":0},"end":{"line":8,"column":12}}},"fnMap":{"0":{"name":"bootstrap","decl":{"start":{"line":4,"column":15},"end":{"line":4,"column":24}},"loc":{"start":{"line":4,"column":24},"end":{"line":7,"column":1}}}},"branchMap":{},"s":{"0":0,"1":0,"2":0,"3":0,"4":0},"f":{"0":0},"b":{}}
,"/Users/juanpablochini/Documents/Repositories/fizzbuzz-testing/src/fizzbuzz/fizzbuzz.controller.ts": {"path":"/Users/juanpablochini/Documents/Repositories/fizzbuzz-testing/src/fizzbuzz/fizzbuzz.controller.ts","statementMap":{"0":{"start":{"line":1,"column":0},"end":{"line":1,"column":56}},"1":{"start":{"line":2,"column":0},"end":{"line":2,"column":53}},"2":{"start":{"line":5,"column":7},"end":{"line":12,"column":null}},"3":{"start":{"line":6,"column":22},"end":{"line":6,"column":39}},"4":{"start":{"line":10,"column":4},"end":{"line":10,"column":49}},"5":{"start":{"line":8,"column":2},"end":{"line":11,"column":null}},"6":{"start":{"line":5,"column":13},"end":{"line":12,"column":null}},"7":{"start":{"line":5,"column":13},"end":{"line":5,"column":31}}},"fnMap":{"0":{"name":"(anonymous_4)","decl":{"start":{"line":6,"column":2},"end":{"line":6,"column":22}},"loc":{"start":{"line":6,"column":54},"end":{"line":6,"column":58}}},"1":{"name":"(anonymous_5)","decl":{"start":{"line":9,"column":2},"end":{"line":9,"column":10}},"loc":{"start":{"line":9,"column":34},"end":{"line":11,"column":3}}}},"branchMap":{},"s":{"0":1,"1":1,"2":1,"3":1,"4":0,"5":1,"6":1,"7":1},"f":{"0":1,"1":0},"b":{}}
,"/Users/juanpablochini/Documents/Repositories/fizzbuzz-testing/src/fizzbuzz/fizzbuzz.service.ts": {"path":"/Users/juanpablochini/Documents/Repositories/fizzbuzz-testing/src/fizzbuzz/fizzbuzz.service.ts","statementMap":{"0":{"start":{"line":1,"column":0},"end":{"line":1,"column":44}},"1":{"start":{"line":4,"column":7},"end":{"line":16,"column":null}},"2":{"start":{"line":6,"column":4},"end":{"line":14,"column":73}},"3":{"start":{"line":7,"column":6},"end":{"line":7,"column":23}},"4":{"start":{"line":8,"column":11},"end":{"line":14,"column":73}},"5":{"start":{"line":9,"column":6},"end":{"line":9,"column":24}},"6":{"start":{"line":10,"column":11},"end":{"line":14,"column":73}},"7":{"start":{"line":11,"column":6},"end":{"line":11,"column":20}},"8":{"start":{"line":12,"column":11},"end":{"line":14,"column":73}},"9":{"start":{"line":13,"column":6},"end":{"line":13,"column":20}},"10":{"start":{"line":14,"column":11},"end":{"line":14,"column":73}},"11":{"start":{"line":4,"column":13},"end":{"line":16,"column":null}},"12":{"start":{"line":4,"column":13},"end":{"line":4,"column":28}}},"fnMap":{"0":{"name":"(anonymous_1)","decl":{"start":{"line":5,"column":2},"end":{"line":5,"column":10}},"loc":{"start":{"line":5,"column":20},"end":{"line":15,"column":3}}}},"branchMap":{"0":{"loc":{"start":{"line":6,"column":4},"end":{"line":14,"column":73}},"type":"if","locations":[{"start":{"line":6,"column":4},"end":{"line":14,"column":73}},{"start":{"line":8,"column":11},"end":{"line":14,"column":73}}]},"1":{"loc":{"start":{"line":6,"column":8},"end":{"line":6,"column":24}},"type":"binary-expr","locations":[{"start":{"line":6,"column":8},"end":{"line":6,"column":13}},{"start":{"line":6,"column":17},"end":{"line":6,"column":24}}]},"2":{"loc":{"start":{"line":8,"column":11},"end":{"line":14,"column":73}},"type":"if","locations":[{"start":{"line":8,"column":11},"end":{"line":14,"column":73}},{"start":{"line":10,"column":11},"end":{"line":14,"column":73}}]},"3":{"loc":{"start":{"line":10,"column":11},"end":{"line":14,"column":73}},"type":"if","locations":[{"start":{"line":10,"column":11},"end":{"line":14,"column":73}},{"start":{"line":12,"column":11},"end":{"line":14,"column":73}}]},"4":{"loc":{"start":{"line":12,"column":11},"end":{"line":14,"column":73}},"type":"if","locations":[{"start":{"line":12,"column":11},"end":{"line":14,"column":73}},{"start":{"line":14,"column":11},"end":{"line":14,"column":73}}]}},"s":{"0":2,"1":2,"2":6,"3":2,"4":4,"5":1,"6":3,"7":1,"8":2,"9":1,"10":1,"11":2,"12":2},"f":{"0":6},"b":{"0":[2,4],"1":[6,5],"2":[1,3],"3":[1,2],"4":[1,1]}}
}
